<?xml version="1.0" encoding="UTF-8"?>
<!-- Generated by org.testng.reporters.JUnitReportReporter -->
<testsuite hostname="hgugapmbeg29415" failures="0" tests="1" name="testCases.TC002_LoginText" time="0.934" errors="0" timestamp="2024-09-29T22:59:29 IST" skipped="0">
  <testcase classname="testCases.TC002_LoginText" name="verifiy_Login" time="0.934"/>
  <system-out/>
</testsuite> <!-- testCases.TC002_LoginText -->
