<?xml version="1.0" encoding="UTF-8"?>
<!-- Generated by org.testng.reporters.JUnitReportReporter -->
<testsuite hostname="hgugapmbeg29415" failures="0" tests="4" name="testCases.TC003_LoginDDT" time="33.878" errors="0" timestamp="2024-09-30T01:18:48 IST" skipped="0">
  <testcase classname="testCases.TC003_LoginDDT" name="verify_loginDDT" time="10.948"/>
  <system-out/>
  <testcase classname="testCases.TC003_LoginDDT" name="verify_loginDDT" time="10.867"/>
  <system-out/>
  <testcase classname="testCases.TC003_LoginDDT" name="verify_loginDDT" time="1.416"/>
  <system-out/>
  <testcase classname="testCases.TC003_LoginDDT" name="verify_loginDDT" time="10.647"/>
  <system-out/>
</testsuite> <!-- testCases.TC003_LoginDDT -->
