<?xml version="1.0" encoding="UTF-8"?>
<!-- Generated by org.testng.reporters.JUnitReportReporter -->
<testsuite hostname="hgugapmbeg29415" failures="0" tests="1" name="testCases.TC001_AccountRegistrationTest" time="1.411" errors="0" timestamp="2024-09-30T23:03:22 IST" skipped="0">
  <testcase classname="testCases.TC001_AccountRegistrationTest" name="verify_Account_Registration" time="1.411"/>
  <system-out/>
</testsuite> <!-- testCases.TC001_AccountRegistrationTest -->
